<?xml version="1.0" encoding="UTF-8"?>
<!-- Generated by org.testng.reporters.JUnitXMLReporter -->
<testsuite ignored="0" hostname="LAPTOP-2JF90K9T" failures="0" tests="3" name="Default test" time="0.159" errors="0" timestamp="2022-04-08T22:12:07 IST">
  <testcase classname="TestNGStudy.Keyword_DependOnMethods" name="login" time="0.018"/>
  <testcase classname="TestNGStudy.Keyword_DependOnMethods" name="logout" time="0.002"/>
  <testcase classname="TestNGStudy.Keyword_DependOnMethods" name="verify_pin" time="0.004"/>
</testsuite> <!-- Default test -->
