<?xml version="1.0" encoding="UTF-8"?>
<testng-results ignored="0" total="3" passed="3" failed="0" skipped="0">
  <reporter-output>
    <line>
      <![CDATA[Login successful]]>
    </line>
    <line>
      <![CDATA[logout success]]>
    </line>
    <line>
      <![CDATA[Pin verified]]>
    </line>
  </reporter-output>
  <suite started-at="2022-04-08T22:12:07 IST" name="Default suite" finished-at="2022-04-08T22:12:07 IST" duration-ms="159">
    <groups>
    </groups>
    <test started-at="2022-04-08T22:12:07 IST" name="Default test" finished-at="2022-04-08T22:12:07 IST" duration-ms="159">
      <class name="TestNGStudy.Keyword_DependOnMethods">
        <test-method signature="login()[pri:1, instance:TestNGStudy.Keyword_DependOnMethods@54bff557]" started-at="2022-04-08T22:12:07 IST" name="login" finished-at="2022-04-08T22:12:07 IST" duration-ms="18" status="PASS">
          <reporter-output>
            <line>
              <![CDATA[Login successful]]>
            </line>
          </reporter-output>
        </test-method> <!-- login -->
        <test-method signature="logout()[pri:0, instance:TestNGStudy.Keyword_DependOnMethods@54bff557]" started-at="2022-04-08T22:12:07 IST" name="logout" finished-at="2022-04-08T22:12:07 IST" depends-on-methods="TestNGStudy.Keyword_DependOnMethods.login" duration-ms="2" status="PASS">
          <reporter-output>
            <line>
              <![CDATA[logout success]]>
            </line>
          </reporter-output>
        </test-method> <!-- logout -->
        <test-method signature="verify_pin()[pri:2, instance:TestNGStudy.Keyword_DependOnMethods@54bff557]" started-at="2022-04-08T22:12:07 IST" name="verify_pin" finished-at="2022-04-08T22:12:07 IST" duration-ms="4" status="PASS">
          <reporter-output>
            <line>
              <![CDATA[Pin verified]]>
            </line>
          </reporter-output>
        </test-method> <!-- verify_pin -->
      </class> <!-- TestNGStudy.Keyword_DependOnMethods -->
    </test> <!-- Default test -->
  </suite> <!-- Default suite -->
</testng-results>
